<?xml version="1.0" encoding="UTF-8"?>
<!-- Generated by org.testng.reporters.JUnitXMLReporter -->
<testsuite hostname="USER-PC" ignored="0" name="Default test" tests="2" failures="0" timestamp="15 Apr 2020 06:03:28 GMT" time="0.092" errors="0">
  <testcase name="method1" time="0.022" classname="MavenFromEclipse.SeleniumMavenDemoFromEclipse.MavenFirstTest"/>
  <testcase name="method2" time="0.005" classname="MavenFromEclipse.SeleniumMavenDemoFromEclipse.MavenFirstTest"/>
</testsuite> <!-- Default test -->
