<?xml version="1.0" encoding="UTF-8"?>
<!-- Generated by org.testng.reporters.JUnitXMLReporter -->
<testsuite hostname="USER-PC" ignored="0" name="Test" tests="8" failures="0" timestamp="07 Apr 2020 12:05:02 GMT" time="0.19" errors="0">
  <testcase name="method7" time="0.032" classname="MavenFromEclipse.SeleniumMavenDemoFromEclipse.MavenFourthTest"/>
  <testcase name="method8" time="0.011" classname="MavenFromEclipse.SeleniumMavenDemoFromEclipse.MavenFourthTest"/>
  <testcase name="method1" time="0.004" classname="MavenFromEclipse.SeleniumMavenDemoFromEclipse.MavenFirstTest"/>
  <testcase name="method2" time="0.004" classname="MavenFromEclipse.SeleniumMavenDemoFromEclipse.MavenFirstTest"/>
  <testcase name="method3" time="0.004" classname="MavenFromEclipse.SeleniumMavenDemoFromEclipse.MavenSecondTest"/>
  <testcase name="method4" time="0.004" classname="MavenFromEclipse.SeleniumMavenDemoFromEclipse.MavenSecondTest"/>
  <testcase name="method5" time="0.004" classname="MavenFromEclipse.SeleniumMavenDemoFromEclipse.MavenThirdTest"/>
  <testcase name="method6" time="0.003" classname="MavenFromEclipse.SeleniumMavenDemoFromEclipse.MavenThirdTest"/>
</testsuite> <!-- Test -->
